  • electron-builder  version=26.0.12 os=24.6.0
  • loaded configuration  file=package.json ("build" field)
  • skipped dependencies rebuild  reason=npmRebuild is set to false
  • packaging       platform=darwin arch=arm64 electron=39.1.0 appOutDir=dist/mac-arm64
  • downloading     url=https://github.com/electron/electron/releases/download/v39.1.0/electron-v39.1.0-darwin-arm64.zip size=113 MB parts=8
  • downloaded      url=https://github.com/electron/electron/releases/download/v39.1.0/electron-v39.1.0-darwin-arm64.zip duration=9.199s
  • asar usage is disabled — this is strongly not recommended  solution=enable asar and use asarUnpack to unpack files that must be externally available
(node:17854) [DEP0190] DeprecationWarning: Passing args to a child process with shell option true can lead to security vulnerabilities, as the arguments are not escaped, only concatenated.
(Use `node --trace-deprecation ...` to show where the warning was created)
  • asar usage is disabled — this is strongly not recommended  solution=enable asar and use asarUnpack to unpack files that must be externally available
  • skipped macOS application code signing  reason=cannot find valid "Developer ID Application" identity or custom non-Apple code signing certificate, it could cause some undefined behaviour, e.g. macOS localized description not visible, see https://electron.build/code-signing allIdentities=  1) 606275889755EE6651A9B5F4F38523A98F3CF9DE "Apple Development: Bilal Ghalib (YKLKB23N6T)" (CSSMERR_TP_CERT_EXPIRED)
  2) 5615F25410512B683786F13F5891FFA5EAA8747C "Apple Development: Bilal Ghalib (Q6Q434629Z)" (CSSMERR_TP_CERT_EXPIRED)
  3) 045924C8D802FA8B72D5DEBC1226C0F3D8A3581D "Apple Distribution: Bloom.pm LLP (757SV3P6D8)" (CSSMERR_TP_CERT_EXPIRED)
  4) C824AEBF1C0FBF9712C4596AE01EDAA6AE901121 "Apple Distribution: Bloom.pm LLP (757SV3P6D8)" (CSSMERR_TP_CERT_EXPIRED)
  5) 93ED8CB6C2DB160C8CA34AE4E4FD729476A5152C "Apple Development: bilal@bloom.pm (5AK5T7QNDL)" (CSSMERR_TP_CERT_EXPIRED)
  6) 88A3AFE1804440C76DD9E429C26F5BE226B7CDAF "Apple Development: Bilal Ghalib (YKLKB23N6T)" (CSSMERR_TP_CERT_EXPIRED)
  7) F6F5F80E3B0515FF2FD40820D7A7BDFB674E02FC "mac.home" (CSSMERR_TP_CERT_EXPIRED)
     7 identities found
                                                Valid identities only
     0 valid identities found
  • building        target=DMG arch=arm64 file=dist/BEIT Knowledge Base-0.1.0-mac.dmg
  • building        target=macOS zip arch=arm64 file=dist/BEIT Knowledge Base-0.1.0-mac.zip
  • skipped dependencies rebuild  reason=npmRebuild is set to false
  • packaging       platform=win32 arch=x64 electron=39.1.0 appOutDir=dist/win-unpacked
  • downloading     url=https://github.com/electron/electron/releases/download/v39.1.0/electron-v39.1.0-win32-x64.zip size=137 MB parts=8
  • downloaded      url=https://github.com/electron/electron/releases/download/v39.1.0/electron-v39.1.0-win32-x64.zip duration=10.287s
  • asar usage is disabled — this is strongly not recommended  solution=enable asar and use asarUnpack to unpack files that must be externally available
  • asar usage is disabled — this is strongly not recommended  solution=enable asar and use asarUnpack to unpack files that must be externally available
  • downloading     url=https://github.com/electron-userland/electron-builder-binaries/releases/download/winCodeSign-2.6.0/winCodeSign-2.6.0.7z size=5.6 MB parts=1
  • downloaded      url=https://github.com/electron-userland/electron-builder-binaries/releases/download/winCodeSign-2.6.0/winCodeSign-2.6.0.7z duration=1.625s
  • downloading     url=https://github.com/electron-userland/electron-builder-binaries/releases/download/wine-4.0.1-mac/wine-4.0.1-mac.7z size=19 MB parts=3
  • downloaded      url=https://github.com/electron-userland/electron-builder-binaries/releases/download/wine-4.0.1-mac/wine-4.0.1-mac.7z duration=2.756s
  • signing with signtool.exe  path=dist/win-unpacked/BEIT Knowledge Base.exe
  • building block map  blockMapFile=dist/BEIT Knowledge Base-0.1.0-mac.dmg.blockmap
  • building block map  blockMapFile=dist/BEIT Knowledge Base-0.1.0-mac.zip.blockmap
  • building        target=nsis file=dist/BEIT Knowledge Base-0.1.0-setup.exe archs=x64 oneClick=false perMachine=false
  • downloading     url=https://github.com/electron-userland/electron-builder-binaries/releases/download/nsis-3.0.4.1/nsis-3.0.4.1.7z size=1.3 MB parts=1
  • downloaded      url=https://github.com/electron-userland/electron-builder-binaries/releases/download/nsis-3.0.4.1/nsis-3.0.4.1.7z duration=1.107s
  • signing with signtool.exe  path=dist/win-unpacked/resources/elevate.exe
  • downloading     url=https://github.com/electron-userland/electron-builder-binaries/releases/download/nsis-resources-3.4.1/nsis-resources-3.4.1.7z size=731 kB parts=1
  • downloaded      url=https://github.com/electron-userland/electron-builder-binaries/releases/download/nsis-resources-3.4.1/nsis-resources-3.4.1.7z duration=1.01s
  • signing with signtool.exe  path=dist/__uninstaller-nsis-beit-knowledge-base.exe
  • signing with signtool.exe  path=dist/BEIT Knowledge Base-0.1.0-setup.exe
  • building block map  blockMapFile=dist/BEIT Knowledge Base-0.1.0-setup.exe.blockmap
  • building        target=portable file=dist/BEIT Knowledge Base-0.1.0-portable.exe archs=x64
  • signing with signtool.exe  path=dist/BEIT Knowledge Base-0.1.0-portable.exe
